<?xml version="1.0" encoding="UTF-8"?>
<testsuite name="org.hyperskill.calculator.tip.Stage2UnitTest" tests="9" skipped="0" failures="0" errors="0" timestamp="2024-06-18T22:59:02" hostname="pop-os" time="0.621">
  <properties/>
  <testcase name="test00_whenEditTextEmtpyThenTipAndBillTextViewsAreEmpty" classname="org.hyperskill.calculator.tip.Stage2UnitTest" time="0.077"/>
  <testcase name="test01_whenEditTextIsZeroThenTipAndBillTextViewsAreEmpty" classname="org.hyperskill.calculator.tip.Stage2UnitTest" time="0.059"/>
  <testcase name="test02_checkValueWithInitialTip" classname="org.hyperskill.calculator.tip.Stage2UnitTest" time="0.084"/>
  <testcase name="test03_checkBothValueAndTipSetWithSeekBarSetLast" classname="org.hyperskill.calculator.tip.Stage2UnitTest" time="0.063"/>
  <testcase name="test04_checkEditTextListenerLast" classname="org.hyperskill.calculator.tip.Stage2UnitTest" time="0.071"/>
  <testcase name="test05_checkLargeValue" classname="org.hyperskill.calculator.tip.Stage2UnitTest" time="0.065"/>
  <testcase name="test06_checkDecimalValue" classname="org.hyperskill.calculator.tip.Stage2UnitTest" time="0.081"/>
  <testcase name="test07_checkClearingValue" classname="org.hyperskill.calculator.tip.Stage2UnitTest" time="0.07"/>
  <testcase name="test08_checkZeroingValue" classname="org.hyperskill.calculator.tip.Stage2UnitTest" time="0.051"/>
  <system-out><![CDATA[]]></system-out>
  <system-err><![CDATA[]]></system-err>
</testsuite>
