<?xml version="1.0" encoding="UTF-8"?>
<testsuite name="org.hyperskill.calculator.tip.Stage3UnitTest" tests="10" skipped="0" failures="0" errors="0" timestamp="2024-06-18T22:58:57" hostname="pop-os" time="5.013">
  <properties/>
  <testcase name="test00_whenEditTextEmtpyThenTextViewsAreEmpty" classname="org.hyperskill.calculator.tip.Stage3UnitTest" time="4.128"/>
  <testcase name="test01_whenEditTextIsZeroThenTipAndBillTextViewsAreEmpty" classname="org.hyperskill.calculator.tip.Stage3UnitTest" time="0.134"/>
  <testcase name="test02_checkValueWithInitialTip" classname="org.hyperskill.calculator.tip.Stage3UnitTest" time="0.106"/>
  <testcase name="test03_checkBothValueAndTipSetWithSeekBarSetLast" classname="org.hyperskill.calculator.tip.Stage3UnitTest" time="0.096"/>
  <testcase name="test04_checkEditTextListenerLast" classname="org.hyperskill.calculator.tip.Stage3UnitTest" time="0.103"/>
  <testcase name="test05_checkLargeValue" classname="org.hyperskill.calculator.tip.Stage3UnitTest" time="0.092"/>
  <testcase name="test06_checkDecimalValue" classname="org.hyperskill.calculator.tip.Stage3UnitTest" time="0.082"/>
  <testcase name="test07_checkClearingValue" classname="org.hyperskill.calculator.tip.Stage3UnitTest" time="0.083"/>
  <testcase name="test08_checkZeroingValue" classname="org.hyperskill.calculator.tip.Stage3UnitTest" time="0.062"/>
  <testcase name="test09_check101TipsForValue100" classname="org.hyperskill.calculator.tip.Stage3UnitTest" time="0.127"/>
  <system-out><![CDATA[Called loadFromPath(/system/framework/framework-res.apk, true); mode=binary sdk=29
resources.arsc in APK '/home/rennie/.m2/repository/org/robolectric/android-all-instrumented/10-robolectric-5803371-i3/android-all-instrumented-10-robolectric-5803371-i3.jar' is compressed.
]]></system-out>
  <system-err><![CDATA[]]></system-err>
</testsuite>
