<?xml version="1.0" encoding="UTF-8"?>
<testsuite name="org.hyperskill.calculator.tip.Stage1UnitTest" tests="5" skipped="0" failures="0" errors="0" timestamp="2024-06-17T23:24:55" hostname="pop-os" time="0.344">
  <properties/>
  <testcase name="test00_checkEditText" classname="org.hyperskill.calculator.tip.Stage1UnitTest" time="0.066"/>
  <testcase name="test01_checkSlider" classname="org.hyperskill.calculator.tip.Stage1UnitTest" time="0.085"/>
  <testcase name="test02_checkBillValueTextView" classname="org.hyperskill.calculator.tip.Stage1UnitTest" time="0.074"/>
  <testcase name="test03_checkTipPercentTextView" classname="org.hyperskill.calculator.tip.Stage1UnitTest" time="0.057"/>
  <testcase name="test04_checkTipAmountTextView" classname="org.hyperskill.calculator.tip.Stage1UnitTest" time="0.062"/>
  <system-out><![CDATA[]]></system-out>
  <system-err><![CDATA[]]></system-err>
</testsuite>
